<?xml version="1.0" encoding="UTF-8"?>
<testng-results ignored="0" total="3" passed="3" failed="0" skipped="0">
  <reporter-output>
  </reporter-output>
  <suite started-at="2021-04-26T11:11:50Z" name="Default Suite" finished-at="2021-04-26T11:11:54Z" duration-ms="3767">
    <groups>
    </groups>
    <test started-at="2021-04-26T11:11:50Z" name="TESTPROJECT" finished-at="2021-04-26T11:11:54Z" duration-ms="3767">
      <class name="TestCase.Testclass">
        <test-method signature="Test(java.util.Map)[pri:0, instance:TestCase.Testclass@442675e1]" started-at="2021-04-26T11:11:54Z" name="Test" data-provider="data" finished-at="2021-04-26T11:11:54Z" duration-ms="16" status="PASS">
          <params>
            <param index="0">
              <value>
                <![CDATA[{UserName=Himanshu, Address=Agra, DoB=01-Feb-1999, Password=Sharma}]]>
              </value>
            </param>
          </params>
          <reporter-output>
          </reporter-output>
        </test-method> <!-- Test -->
        <test-method signature="Test(java.util.Map)[pri:0, instance:TestCase.Testclass@442675e1]" started-at="2021-04-26T11:11:54Z" name="Test" data-provider="data" finished-at="2021-04-26T11:11:54Z" duration-ms="0" status="PASS">
          <params>
            <param index="0">
              <value>
                <![CDATA[{UserName=Sriyansh, Address=Agra, DoB=20-Aug-1999, Password=Jain}]]>
              </value>
            </param>
          </params>
          <reporter-output>
          </reporter-output>
        </test-method> <!-- Test -->
        <test-method signature="Test(java.util.Map)[pri:0, instance:TestCase.Testclass@442675e1]" started-at="2021-04-26T11:11:54Z" name="Test" data-provider="data" finished-at="2021-04-26T11:11:54Z" duration-ms="0" status="PASS">
          <params>
            <param index="0">
              <value>
                <![CDATA[{UserName=Lucky, Address=Aligarh, DoB=10-april-99, Password=Sharma}]]>
              </value>
            </param>
          </params>
          <reporter-output>
          </reporter-output>
        </test-method> <!-- Test -->
      </class> <!-- TestCase.Testclass -->
    </test> <!-- TESTPROJECT -->
  </suite> <!-- Default Suite -->
</testng-results>
